0 info it worked if it ends with ok
1 verbose cli [ 'E:\\nodejs\\node.exe',
1 verbose cli   'E:\\nodejs\\node_modules\\npm\\bin\\npm-cli.js',
1 verbose cli   'run',
1 verbose cli   'dev' ]
2 info using npm@3.10.10
3 info using node@v6.10.3
4 verbose run-script [ 'predev', 'dev', 'postdev' ]
5 info lifecycle shudu@1.0.0~predev: shudu@1.0.0
6 silly lifecycle shudu@1.0.0~predev: no script for predev, continuing
7 info lifecycle shudu@1.0.0~dev: shudu@1.0.0
8 verbose lifecycle shudu@1.0.0~dev: unsafe-perm in lifecycle true
9 verbose lifecycle shudu@1.0.0~dev: PATH: E:\nodejs\node_modules\npm\bin\node-gyp-bin;E:\zorafiles\sd\node_modules\.bin;C:\Users\Administrator\bin;D:\Program Files (x86)\Git\mingw64\bin;D:\Program Files (x86)\Git\usr\local\bin;D:\Program Files (x86)\Git\usr\bin;D:\Program Files (x86)\Git\usr\bin;D:\Program Files (x86)\Git\mingw64\bin;D:\Program Files (x86)\Git\usr\bin;C:\Users\Administrator\bin;C:\Windows\system32;C:\Windows;C:\Windows\System32\Wbem;C:\Windows\System32\WindowsPowerShell\v1.0;C:\Program Files (x86)\Windows Kits\8.1\Windows Performance Toolkit;C:\Program Files\Microsoft SQL Server\110\Tools\Binn;F:\迅雷下载\curl-7.51.0;D:\Program Files (x86)\Git\cmd;E:\nodejs;D:\Program Files (x86)\Git\usr\bin\ssh-keygen.exe;C:\Users\Administrator\.dnx\bin;E:\wamp\bin\php\php5.5.12\php.ini;E:\wamp\bin\php\php5.5.12\ext;E:\wamp\bin\mysql\mysql5.6.17\my.ini;C:\Users\Administrator\AppData\Roaming\npm;D:\Program Files (x86)\Git\cmd;E:\nodejs;D:\Program Files (x86)\Git\usr\bin\ssh-keygen.exe;D:\Program Files (x86)\Git\usr\bin\vendor_perl;D:\Program Files (x86)\Git\usr\bin\core_perl
10 verbose lifecycle shudu@1.0.0~dev: CWD: E:\zorafiles\sd
11 silly lifecycle shudu@1.0.0~dev: Args: [ '/d /s /c', 'gulp & ./node_modules/.bin/gulp src watch' ]
12 silly lifecycle shudu@1.0.0~dev: Returned: code: 1  signal: null
13 info lifecycle shudu@1.0.0~dev: Failed to exec dev script
14 verbose stack Error: shudu@1.0.0 dev: `gulp & ./node_modules/.bin/gulp src watch`
14 verbose stack Exit status 1
14 verbose stack     at EventEmitter.<anonymous> (E:\nodejs\node_modules\npm\lib\utils\lifecycle.js:255:16)
14 verbose stack     at emitTwo (events.js:106:13)
14 verbose stack     at EventEmitter.emit (events.js:191:7)
14 verbose stack     at ChildProcess.<anonymous> (E:\nodejs\node_modules\npm\lib\utils\spawn.js:40:14)
14 verbose stack     at emitTwo (events.js:106:13)
14 verbose stack     at ChildProcess.emit (events.js:191:7)
14 verbose stack     at maybeClose (internal/child_process.js:886:16)
14 verbose stack     at Process.ChildProcess._handle.onexit (internal/child_process.js:226:5)
15 verbose pkgid shudu@1.0.0
16 verbose cwd E:\zorafiles\sd\src
17 error Windows_NT 6.1.7601
18 error argv "E:\\nodejs\\node.exe" "E:\\nodejs\\node_modules\\npm\\bin\\npm-cli.js" "run" "dev"
19 error node v6.10.3
20 error npm  v3.10.10
21 error code ELIFECYCLE
22 error shudu@1.0.0 dev: `gulp & ./node_modules/.bin/gulp src watch`
22 error Exit status 1
23 error Failed at the shudu@1.0.0 dev script 'gulp & ./node_modules/.bin/gulp src watch'.
23 error Make sure you have the latest version of node.js and npm installed.
23 error If you do, this is most likely a problem with the shudu package,
23 error not with npm itself.
23 error Tell the author that this fails on your system:
23 error     gulp & ./node_modules/.bin/gulp src watch
23 error You can get information on how to open an issue for this project with:
23 error     npm bugs shudu
23 error Or if that isn't available, you can get their info via:
23 error     npm owner ls shudu
23 error There is likely additional logging output above.
24 verbose exit [ 1, true ]
